1726861240.626863 client started (2040): version 3.0a, socket /tmp/tmux-1000/default, protocol 8
1726861240.626883 on Linux 5.15.153.1-microsoft-standard-WSL2 #1 SMP Fri Mar 29 23:14:13 UTC 2024; libevent 2.1.11-stable (poll)
1726861240.626895 socket is /tmp/tmux-1000/default
1726861240.626904 trying connect
1726861240.626913 connect failed: Connection refused
1726861240.626919 lock file is /tmp/tmux-1000/default.lock
1726861240.627851 flock succeeded
1726861240.627855 got lock (6)
1726861240.627862 trying connect
1726861240.627869 connect failed: Connection refused
1726861240.628032 add peer 0x55e8fa4e80b0: 7 ((nil))
1726861240.628149 sending message 100 to peer 0x55e8fa4e80b0 (4 bytes)
1726861240.628157 sending message 101 to peer 0x55e8fa4e80b0 (15 bytes)
1726861240.628160 sending message 102 to peer 0x55e8fa4e80b0 (11 bytes)
1726861240.628162 sending message 108 to peer 0x55e8fa4e80b0 (43 bytes)
1726861240.628165 sending message 104 to peer 0x55e8fa4e80b0 (0 bytes)
1726861240.628169 sending message 107 to peer 0x55e8fa4e80b0 (4 bytes)
1726861240.628171 sending message 105 to peer 0x55e8fa4e80b0 (16 bytes)
1726861240.628174 sending message 105 to peer 0x55e8fa4e80b0 (24 bytes)
1726861240.628176 sending message 105 to peer 0x55e8fa4e80b0 (29 bytes)
1726861240.628179 sending message 105 to peer 0x55e8fa4e80b0 (48 bytes)
1726861240.628189 sending message 105 to peer 0x55e8fa4e80b0 (17 bytes)
1726861240.628192 sending message 105 to peer 0x55e8fa4e80b0 (47 bytes)
1726861240.628194 sending message 105 to peer 0x55e8fa4e80b0 (13 bytes)
1726861240.628197 sending message 105 to peer 0x55e8fa4e80b0 (16 bytes)
1726861240.628199 sending message 105 to peer 0x55e8fa4e80b0 (13 bytes)
1726861240.628202 sending message 105 to peer 0x55e8fa4e80b0 (34 bytes)
1726861240.628205 sending message 105 to peer 0x55e8fa4e80b0 (1506 bytes)
1726861240.628211 sending message 105 to peer 0x55e8fa4e80b0 (26 bytes)
1726861240.628214 sending message 105 to peer 0x55e8fa4e80b0 (34 bytes)
1726861240.628216 sending message 105 to peer 0x55e8fa4e80b0 (20 bytes)
1726861240.628219 sending message 105 to peer 0x55e8fa4e80b0 (32 bytes)
1726861240.628221 sending message 105 to peer 0x55e8fa4e80b0 (10 bytes)
1726861240.628224 sending message 105 to peer 0x55e8fa4e80b0 (11 bytes)
1726861240.628227 sending message 105 to peer 0x55e8fa4e80b0 (8 bytes)
1726861240.628229 sending message 105 to peer 0x55e8fa4e80b0 (32 bytes)
1726861240.628232 sending message 105 to peer 0x55e8fa4e80b0 (33 bytes)
1726861240.628234 sending message 105 to peer 0x55e8fa4e80b0 (65 bytes)
1726861240.628237 sending message 105 to peer 0x55e8fa4e80b0 (1888 bytes)
1726861240.628240 sending message 105 to peer 0x55e8fa4e80b0 (54 bytes)
1726861240.628243 sending message 105 to peer 0x55e8fa4e80b0 (16 bytes)
1726861240.628245 sending message 105 to peer 0x55e8fa4e80b0 (40 bytes)
1726861240.628248 sending message 105 to peer 0x55e8fa4e80b0 (53 bytes)
1726861240.628250 sending message 105 to peer 0x55e8fa4e80b0 (16 bytes)
1726861240.628253 sending message 105 to peer 0x55e8fa4e80b0 (42 bytes)
1726861240.628255 sending message 106 to peer 0x55e8fa4e80b0 (0 bytes)
1726861240.628258 sending message 200 to peer 0x55e8fa4e80b0 (4 bytes)
1726861240.628260 client loop enter
1726861240.664357 peer 0x55e8fa4e80b0 message 207
1726861240.664369 sending message 208 to peer 0x55e8fa4e80b0 (0 bytes)
1726861242.856419 peer 0x55e8fa4e80b0 message 203
1726861242.856428 sending message 205 to peer 0x55e8fa4e80b0 (0 bytes)
1726861242.856714 peer 0x55e8fa4e80b0 message 204
1726861242.856724 client loop exit
